d:\projects\c++\sfml\chess\chess\x64\debug\vc142.pdb
d:\projects\c++\sfml\chess\chess\x64\debug\vc142.idb
d:\projects\c++\sfml\chess\chess\x64\debug\piece.obj
d:\projects\c++\sfml\chess\chess\x64\debug\messagebox.obj
d:\projects\c++\sfml\chess\chess\x64\debug\inputmanager.obj
d:\projects\c++\sfml\chess\chess\x64\debug\enpassant.obj
d:\projects\c++\sfml\chess\chess\x64\debug\castlemove.obj
d:\projects\c++\sfml\chess\chess\x64\debug\boxmanager.obj
d:\projects\c++\sfml\chess\chess\x64\debug\bishop.obj
d:\projects\c++\sfml\chess\chess\x64\debug\assetmanager.obj
d:\projects\c++\sfml\chess\chess\x64\debug\uimanager.obj
d:\projects\c++\sfml\chess\chess\x64\debug\statemachine.obj
d:\projects\c++\sfml\chess\chess\x64\debug\soundmanager.obj
d:\projects\c++\sfml\chess\chess\x64\debug\splashstate.obj
d:\projects\c++\sfml\chess\chess\x64\debug\rook.obj
d:\projects\c++\sfml\chess\chess\x64\debug\queen.obj
d:\projects\c++\sfml\chess\chess\x64\debug\playstate.obj
d:\projects\c++\sfml\chess\chess\x64\debug\piecemanager.obj
d:\projects\c++\sfml\chess\chess\x64\debug\pawn.obj
d:\projects\c++\sfml\chess\chess\x64\debug\normalmove.obj
d:\projects\c++\sfml\chess\chess\x64\debug\move.obj
d:\projects\c++\sfml\chess\chess\x64\debug\mainmenustate.obj
d:\projects\c++\sfml\chess\chess\x64\debug\main.obj
d:\projects\c++\sfml\chess\chess\x64\debug\knight.obj
d:\projects\c++\sfml\chess\chess\x64\debug\king.obj
d:\projects\c++\sfml\chess\chess\x64\debug\game.obj
d:\projects\c++\sfml\chess\chess\x64\debug\capturemove.obj
d:\projects\c++\sfml\chess\chess\x64\debug\transformmove.obj
d:\projects\c++\sfml\chess\chess\x64\debug\team.obj
d:\projects\c++\sfml\chess\chess\x64\debug\blackteam.obj
d:\projects\c++\sfml\chess\chess\x64\debug\whiteteam.obj
d:\projects\c++\sfml\chess\x64\debug\chess.exe
d:\projects\c++\sfml\chess\chess\x64\debug\chess.ilk
d:\projects\c++\sfml\chess\x64\debug\chess.pdb
d:\projects\c++\sfml\chess\chess\x64\debug\chess.tlog\cl.command.1.tlog
d:\projects\c++\sfml\chess\chess\x64\debug\chess.tlog\cl.read.1.tlog
d:\projects\c++\sfml\chess\chess\x64\debug\chess.tlog\cl.write.1.tlog
d:\projects\c++\sfml\chess\chess\x64\debug\chess.tlog\link.command.1.tlog
d:\projects\c++\sfml\chess\chess\x64\debug\chess.tlog\link.read.1.tlog
d:\projects\c++\sfml\chess\chess\x64\debug\chess.tlog\link.write.1.tlog
